[INFO] [16-07-21 10-35-11] [xitrum-akka.actor.default-dispatcher-3] c.e.t.a.e.EsbAdapterAction: receive ESB request: 
<?xml version="1.0" encoding="UTF-8"?>
<service>
	<SYS_HEAD>
		<SvcId>120020017</SvcId>
		<SvcScnId>06</SvcScnId>
		<CnsmSysId>36</CnsmSysId>
		<ChnlType>0</ChnlType>
		<CnsmSysSeqNo>1234567</CnsmSysSeqNo>
		<TranDate>20151110</TranDate>
		<TranTime/>
		<TmnlNo>B001000010001B003</TmnlNo>
	</SYS_HEAD>
	<APP_HEAD>
		<TellerId>001812</TellerId>
		<BranchId>5351001</BranchId>
	</APP_HEAD>
	<BODY>
		<BankId>310000015</BankId>
		<CnsmSysSeqNo>123</CnsmSysSeqNo>
		<array>
			<AcctInf>
				<PrimAcctNm>and</PrimAcctNm>
				<PrimAcctNo>123</PrimAcctNo>
				<Remark1>123</Remark1>
				<array>
					<AcctTranInf>
						<AcctNo>123</AcctNo>
						<AcctSrlNo>123</AcctSrlNo>
						<AcctType>123</AcctType>
						<AcctSt>123</AcctSt>
						<CcyType>123</CcyType>
						<CshRmtFl>123</CshRmtFl>
						<array>
							<TranDtlRcrd>
								<TranSpec>123</TranSpec>
								<TranType>123</TranType>
								<DbtCrdtFlg>123</DbtCrdtFlg>
								<TranCcy>123</TranCcy>
								<TranAmt>123</TranAmt>
								<AcctBal>123</AcctBal>
								<TranOcrTmStmp>123</TranOcrTmStmp>
								<TranSeqNo>123</TranSeqNo>
								<TrgtAcctNm>123</TrgtAcctNm>
								<TrgtAcctNo>123</TrgtAcctNo>
								<TrgtIdCode>123</TrgtIdCode>
								<TrgtBnkNo>123</TrgtBnkNo>
								<TranRmrk>123</TranRmrk>
								<TranBrchNm>123</TranBrchNm>
								<TranBrchId>123</TranBrchId>
								<LogSeqNo>123</LogSeqNo>
								<VchrSeqNo>123</VchrSeqNo>
								<VchrType>123</VchrType>
								<VchrNo>123</VchrNo>
								<CshTrsfFlg>123</CshTrsfFlg>
								<TranTmnlNo>123</TranTmnlNo>
								<TranSt>123</TranSt>
								<TranAdr>123</TranAdr>
								<MrchName>213</MrchName>
								<MrchNo>213</MrchNo>
								<IP>213</IP>
								<MACAdr>123</MACAdr>
								<TranTlrId>123</TranTlrId>
								<Remark>123</Remark>
							</TranDtlRcrd>
						</array>
					</AcctTranInf>
				</array>
			</AcctInf>
		</array>
	</BODY>
</service>
[INFO] [16-07-21 10-35-11] [xitrum-akka.actor.default-dispatcher-15] c.e.t.a.e.EsbVerifyAction: Start EsbVerifyAction
[INFO] [16-07-21 10-35-11] [xitrum-akka.actor.default-dispatcher-15] c.e.t.a.e.EsbVerifyAction: receive ESB request: 
<?xml version="1.0" encoding="UTF-8"?>
<service>
	<SYS_HEAD>
		<SvcId>120020017</SvcId>
		<SvcScnId>06</SvcScnId>
		<CnsmSysId>36</CnsmSysId>
		<ChnlType>0</ChnlType>
		<CnsmSysSeqNo>1234567</CnsmSysSeqNo>
		<TranDate>20151110</TranDate>
		<TranTime/>
		<TmnlNo>B001000010001B003</TmnlNo>
	</SYS_HEAD>
	<APP_HEAD>
		<TellerId>001812</TellerId>
		<BranchId>5351001</BranchId>
	</APP_HEAD>
	<BODY>
		<BankId>310000015</BankId>
		<CnsmSysSeqNo>123</CnsmSysSeqNo>
		<array>
			<AcctInf>
				<PrimAcctNm>and</PrimAcctNm>
				<PrimAcctNo>123</PrimAcctNo>
				<Remark1>123</Remark1>
				<array>
					<AcctTranInf>
						<AcctNo>123</AcctNo>
						<AcctSrlNo>123</AcctSrlNo>
						<AcctType>123</AcctType>
						<AcctSt>123</AcctSt>
						<CcyType>123</CcyType>
						<CshRmtFl>123</CshRmtFl>
						<array>
							<TranDtlRcrd>
								<TranSpec>123</TranSpec>
								<TranType>123</TranType>
								<DbtCrdtFlg>123</DbtCrdtFlg>
								<TranCcy>123</TranCcy>
								<TranAmt>123</TranAmt>
								<AcctBal>123</AcctBal>
								<TranOcrTmStmp>123</TranOcrTmStmp>
								<TranSeqNo>123</TranSeqNo>
								<TrgtAcctNm>123</TrgtAcctNm>
								<TrgtAcctNo>123</TrgtAcctNo>
								<TrgtIdCode>123</TrgtIdCode>
								<TrgtBnkNo>123</TrgtBnkNo>
								<TranRmrk>123</TranRmrk>
								<TranBrchNm>123</TranBrchNm>
								<TranBrchId>123</TranBrchId>
								<LogSeqNo>123</LogSeqNo>
								<VchrSeqNo>123</VchrSeqNo>
								<VchrType>123</VchrType>
								<VchrNo>123</VchrNo>
								<CshTrsfFlg>123</CshTrsfFlg>
								<TranTmnlNo>123</TranTmnlNo>
								<TranSt>123</TranSt>
								<TranAdr>123</TranAdr>
								<MrchName>213</MrchName>
								<MrchNo>213</MrchNo>
								<IP>213</IP>
								<MACAdr>123</MACAdr>
								<TranTlrId>123</TranTlrId>
								<Remark>123</Remark>
							</TranDtlRcrd>
						</array>
					</AcctTranInf>
				</array>
			</AcctInf>
		</array>
	</BODY>
</service>
[INFO] [16-07-21 10-36-10] [xitrum-akka.actor.default-dispatcher-15] c.e.t.a.e.EsbVerifyAction: start checking requisite field
[INFO] [16-07-21 10-37-17] [xitrum-akka.actor.default-dispatcher-15] c.e.t.a.e.EsbVerifyAction: EsbVerifyAction error(Throwable)
[INFO] [16-07-21 10-37-24] [xitrum-akka.actor.default-dispatcher-17] c.e.t.a.e.EsbAdapterAction: receive ESB request: 
<?xml version="1.0" encoding="UTF-8"?>
<service>
	<SYS_HEAD>
		<SvcId>120020017</SvcId>
		<SvcScnId>06</SvcScnId>
		<CnsmSysId>36</CnsmSysId>
		<ChnlType>0</ChnlType>
		<CnsmSysSeqNo>1234567</CnsmSysSeqNo>
		<TranDate>20151110</TranDate>
		<TranTime/>
		<TmnlNo>B001000010001B003</TmnlNo>
	</SYS_HEAD>
	<APP_HEAD>
		<TellerId>001812</TellerId>
		<BranchId>5351001</BranchId>
	</APP_HEAD>
	<BODY>
		<BankId>310000015</BankId>
		<CnsmSysSeqNo>123</CnsmSysSeqNo>
		<array>
			<AcctInf>
				<PrimAcctNm>and</PrimAcctNm>
				<PrimAcctNo>123</PrimAcctNo>
				<Remark1>123</Remark1>
				<array>
					<AcctTranInf>
						<AcctNo>123</AcctNo>
						<AcctSrlNo>123</AcctSrlNo>
						<AcctType>123</AcctType>
						<AcctSt>123</AcctSt>
						<CcyType>123</CcyType>
						<CshRmtFl>123</CshRmtFl>
						<array>
							<TranDtlRcrd>
								<TranSpec>123</TranSpec>
								<TranType>123</TranType>
								<DbtCrdtFlg>123</DbtCrdtFlg>
								<TranCcy>123</TranCcy>
								<TranAmt>123</TranAmt>
								<AcctBal>123</AcctBal>
								<TranOcrTmStmp>123</TranOcrTmStmp>
								<TranSeqNo>123</TranSeqNo>
								<TrgtAcctNm>123</TrgtAcctNm>
								<TrgtAcctNo>123</TrgtAcctNo>
								<TrgtIdCode>123</TrgtIdCode>
								<TrgtBnkNo>123</TrgtBnkNo>
								<TranRmrk>123</TranRmrk>
								<TranBrchNm>123</TranBrchNm>
								<TranBrchId>123</TranBrchId>
								<LogSeqNo>123</LogSeqNo>
								<VchrSeqNo>123</VchrSeqNo>
								<VchrType>123</VchrType>
								<VchrNo>123</VchrNo>
								<CshTrsfFlg>123</CshTrsfFlg>
								<TranTmnlNo>123</TranTmnlNo>
								<TranSt>123</TranSt>
								<TranAdr>123</TranAdr>
								<MrchName>213</MrchName>
								<MrchNo>213</MrchNo>
								<IP>213</IP>
								<MACAdr>123</MACAdr>
								<TranTlrId>123</TranTlrId>
								<Remark>123</Remark>
							</TranDtlRcrd>
						</array>
					</AcctTranInf>
				</array>
			</AcctInf>
		</array>
	</BODY>
</service>
[INFO] [16-07-21 10-37-24] [xitrum-akka.actor.default-dispatcher-17] c.e.t.a.e.EsbVerifyAction: Start EsbVerifyAction
[INFO] [16-07-21 10-37-24] [xitrum-akka.actor.default-dispatcher-17] c.e.t.a.e.EsbVerifyAction: receive ESB request: 
<?xml version="1.0" encoding="UTF-8"?>
<service>
	<SYS_HEAD>
		<SvcId>120020017</SvcId>
		<SvcScnId>06</SvcScnId>
		<CnsmSysId>36</CnsmSysId>
		<ChnlType>0</ChnlType>
		<CnsmSysSeqNo>1234567</CnsmSysSeqNo>
		<TranDate>20151110</TranDate>
		<TranTime/>
		<TmnlNo>B001000010001B003</TmnlNo>
	</SYS_HEAD>
	<APP_HEAD>
		<TellerId>001812</TellerId>
		<BranchId>5351001</BranchId>
	</APP_HEAD>
	<BODY>
		<BankId>310000015</BankId>
		<CnsmSysSeqNo>123</CnsmSysSeqNo>
		<array>
			<AcctInf>
				<PrimAcctNm>and</PrimAcctNm>
				<PrimAcctNo>123</PrimAcctNo>
				<Remark1>123</Remark1>
				<array>
					<AcctTranInf>
						<AcctNo>123</AcctNo>
						<AcctSrlNo>123</AcctSrlNo>
						<AcctType>123</AcctType>
						<AcctSt>123</AcctSt>
						<CcyType>123</CcyType>
						<CshRmtFl>123</CshRmtFl>
						<array>
							<TranDtlRcrd>
								<TranSpec>123</TranSpec>
								<TranType>123</TranType>
								<DbtCrdtFlg>123</DbtCrdtFlg>
								<TranCcy>123</TranCcy>
								<TranAmt>123</TranAmt>
								<AcctBal>123</AcctBal>
								<TranOcrTmStmp>123</TranOcrTmStmp>
								<TranSeqNo>123</TranSeqNo>
								<TrgtAcctNm>123</TrgtAcctNm>
								<TrgtAcctNo>123</TrgtAcctNo>
								<TrgtIdCode>123</TrgtIdCode>
								<TrgtBnkNo>123</TrgtBnkNo>
								<TranRmrk>123</TranRmrk>
								<TranBrchNm>123</TranBrchNm>
								<TranBrchId>123</TranBrchId>
								<LogSeqNo>123</LogSeqNo>
								<VchrSeqNo>123</VchrSeqNo>
								<VchrType>123</VchrType>
								<VchrNo>123</VchrNo>
								<CshTrsfFlg>123</CshTrsfFlg>
								<TranTmnlNo>123</TranTmnlNo>
								<TranSt>123</TranSt>
								<TranAdr>123</TranAdr>
								<MrchName>213</MrchName>
								<MrchNo>213</MrchNo>
								<IP>213</IP>
								<MACAdr>123</MACAdr>
								<TranTlrId>123</TranTlrId>
								<Remark>123</Remark>
							</TranDtlRcrd>
						</array>
					</AcctTranInf>
				</array>
			</AcctInf>
		</array>
	</BODY>
</service>
[INFO] [16-07-21 10-37-29] [xitrum-akka.actor.default-dispatcher-17] c.e.t.a.e.EsbVerifyAction: start checking requisite field
